<?xml version="1.0" encoding="UTF-8"?>
<!-- Generated by org.testng.reporters.JUnitReportReporter -->
<testsuite skipped="0" hostname="as-HP-240-G4-Notebook-PC" name="test.SearchProductAndPrint" tests="2" failures="0" timestamp="01 dez 2017 19:39:12 GMT" time="22.722" errors="0">
  <testcase name="searchItemsAndPrintFiveFirst" time="7.611" classname="test.SearchProductAndPrint"/>
  <testcase name="takeScreenShot" time="15.111" classname="test.SearchProductAndPrint"/>
</testsuite> <!-- test.SearchProductAndPrint -->
