<?xml version="1.0" encoding="UTF-8"?>
<!-- Generated by org.testng.reporters.JUnitReportReporter -->
<testsuite skipped="0" hostname="as-HP-240-G4-Notebook-PC" name="test.SearchProductAndPrint" tests="1" failures="0" timestamp="01 dez 2017 18:22:53 GMT" time="22.145" errors="0">
  <testcase name="takeScreenShot" time="22.145" classname="test.SearchProductAndPrint"/>
</testsuite> <!-- test.SearchProductAndPrint -->
