<?xml version="1.0" encoding="UTF-8"?>
<!-- Generated by org.testng.reporters.JUnitReportReporter -->
<testsuite skipped="0" hostname="as-HP-240-G4-Notebook-PC" name="test.SearchProductAndPrint" tests="2" failures="0" timestamp="01 dez 2017 19:29:28 GMT" time="22.659" errors="0">
  <testcase name="searchItemsAndPrintFiveFirst" time="10.124" classname="test.SearchProductAndPrint"/>
  <testcase name="takeScreenShot" time="12.535" classname="test.SearchProductAndPrint"/>
</testsuite> <!-- test.SearchProductAndPrint -->
